version: (200506)

available memory: 64M bytes
used memory: 262144 bytes [need 256K bytes if disable swap]

used block: 363 [memory(4) file(359)]
                 [ 64K(363) { total 23M bytes } ]
overhead: (150907) bytes for (363) blocks [Average: (415) bytes/block]

write  => 0(times) 0K(bytes) [0K bytes to file]
read   => 0(times) 0K(bytes) [0K bytes compressed data from file]
access => 0(times) 0K(bytes)
          [hit ratio: 0%]

time: write(0) read(0)  unit: second

swap file directory: (/home/milo/ICCodes/mcu_verify/libnz4w_r.soLog)
used swap file number: (0)



swap file manager:
arrSize: (256)
idxCnt: (2)
closeHead: (0)
closeTail: (0)
openCnt: (0)
fid(1): fd(0) fileName(/home/milo/ICCodes/mcu_verify/libnz4w_r.soLog/_swap_0001#8323329#6919)
	size(0) lastModTime(0) curModTime(1638366515)
	mode(w+b)	hot(0) cool(0) pos(0)
fid(0): fd(0) fileName(NULL)
	mode(NULL)	hot(0) cool(0) pos(0)
version: (200506)

available memory: 64M bytes
used memory: 262144 bytes [need 256K bytes if disable swap]

used block: 363 [memory(4) file(359)]
                 [ 64K(363) { total 23M bytes } ]
overhead: (150907) bytes for (363) blocks [Average: (415) bytes/block]

write  => 0(times) 0K(bytes) [0K bytes to file]
read   => 0(times) 0K(bytes) [0K bytes compressed data from file]
access => 0(times) 0K(bytes)
          [hit ratio: 0%]

time: write(0) read(0)  unit: second

swap file directory: (/home/milo/ICCodes/mcu_verify/libnz4w_r.soLog)
used swap file number: (0)



swap file manager:
arrSize: (256)
idxCnt: (2)
closeHead: (0)
closeTail: (0)
openCnt: (0)
fid(1): fd(0) fileName(/home/milo/ICCodes/mcu_verify/libnz4w_r.soLog/_swap_0001#8323329#6919)
	size(-1) lastModTime(0) curModTime(-1)
	mode(w+b)	hot(0) cool(0) pos(0)
fid(0): fd(0) fileName(NULL)
	mode(NULL)	hot(0) cool(0) pos(0)
