Invoking simulator...

./simv -ucli -a sim.log +UVM_VERBOSITY=UVM_LOW +UVM_CONFIG_DB_TRACE +UVM_PHASE_TRACE +UVM_OBJECTION_TRACE +UVM_RESOURCE_DB_TRACE +UVM_LOG_RECORD +UVM_VERDI_TRACE=UVM_AWARE -ucli2Proc -lca
*Verdi3* Loading libsscore_vcs201606.so

31096

Warning-[LCA_FEATURES_ENABLED] Usage warning
  LCA features enabled by '-lca' argument on the command line.  For more 
  information regarding list of LCA features please refer to Chapter "LCA 
  features" in the VCS/VCS-MX Release Notes
Chronologic VCS simulator copyright 1991-2016
Contains Synopsys proprietary information.
Compiler version L-2016.06_Full64; Runtime version L-2016.06_Full64;  Dec  2 10:58 2021
UVM_INFO /home/milo/Synopsys/vcs/etc/uvm-1.2/src/base/uvm_root.svh(402) @ 0: reporter [UVM/RELNOTES] 
----------------------------------------------------------------
UVM-1.2.Synopsys
(C) 2007-2014 Mentor Graphics Corporation
(C) 2007-2014 Cadence Design Systems, Inc.
(C) 2006-2014 Synopsys, Inc.
(C) 2011-2013 Cypress Semiconductor Corp.
(C) 2013-2014 NVIDIA Corporation
----------------------------------------------------------------
  ***********       IMPORTANT RELEASE NOTES         ************
  You are using a version of the UVM library that has been compiled
  with `UVM_NO_DEPRECATED undefined.
  See http://www.eda.org/svdb/view.php?id=3313 for more details.
  You are using a version of the UVM library that has been compiled
  with `UVM_OBJECT_DO_NOT_NEED_CONSTRUCTOR undefined.
  See http://www.eda.org/svdb/view.php?id=3770 for more details.
      (Specify +UVM_NO_RELNOTES to turn off this notice)
           V C S   S i m u l a t i o n   R e p o r t 
Time: 0 ps
CPU Time:      0.170 seconds;       Data structure size:   0.4Mb
Thu Dec  2 11:11:18 2021

VERDI_SIM_Terminated

